c:\users\harry\desktop\posbot\release\vc142.pdb
c:\users\harry\desktop\posbot\release\posbot.obj
c:\users\harry\desktop\posbot\release\pch.obj
c:\users\harry\desktop\posbot\release\dllmain.obj
c:\users\harry\desktop\posbot\release\ccmenuitemspriteextra.obj
c:\users\harry\desktop\posbot\release\vec4.obj
c:\users\harry\desktop\posbot\release\vec3.obj
c:\users\harry\desktop\posbot\release\vec2.obj
c:\users\harry\desktop\posbot\release\utility.obj
c:\users\harry\desktop\posbot\release\ray2.obj
c:\users\harry\desktop\posbot\release\quaternion.obj
c:\users\harry\desktop\posbot\release\plane.obj
c:\users\harry\desktop\posbot\release\neon_matrix_impl.obj
c:\users\harry\desktop\posbot\release\mat4.obj
c:\users\harry\desktop\posbot\release\mat3.obj
c:\users\harry\desktop\posbot\release\matrix.obj
c:\users\harry\desktop\posbot\release\mat4stack.obj
c:\users\harry\desktop\posbot\release\aabb.obj
c:\users\harry\desktop\posbot\release\ccfpsimages.obj
c:\users\harry\desktop\posbot\release\imgui_widgets.obj
c:\users\harry\desktop\posbot\release\imgui_tables.obj
c:\users\harry\desktop\posbot\release\imgui_draw.obj
c:\users\harry\desktop\posbot\release\imgui_demo.obj
c:\users\harry\desktop\posbot\release\imgui.obj
c:\users\harry\desktop\posbot\release\imgui_impl_win32.obj
c:\users\harry\desktop\posbot\release\imgui_impl_opengl3.obj
c:\users\harry\desktop\posbot\release\imgui-hook.obj
c:\users\harry\desktop\posbot\release\posbot.dll
c:\users\harry\desktop\posbot\release\posbot.pdb
c:\users\harry\desktop\posbot\release\posbot.tlog\cl.command.1.tlog
c:\users\harry\desktop\posbot\release\posbot.tlog\cl.read.1.tlog
c:\users\harry\desktop\posbot\release\posbot.tlog\cl.write.1.tlog
c:\users\harry\desktop\posbot\release\posbot.tlog\link.command.1.tlog
c:\users\harry\desktop\posbot\release\posbot.tlog\link.read.1.tlog
c:\users\harry\desktop\posbot\release\posbot.tlog\link.write.1.tlog
